============================================================
Time  2017/02/02 16:52:41 233 
============================================================
[2017/02/02 16:52:41 234] isr        1641 isr loaded!  
[2017/02/02 16:52:41 236] isr        1624 SYS_MSG_REGCB param0 =   msp_status_cb  param1 =   func(1369a20) 
[2017/02/02 16:52:41 236] isr        1525 ASR_MSG_SSB  
[2017/02/02 16:52:41 236] isr        1070 session_begin() [in], params:   sub = asr, result_type = plain, result_encoding = gb2312  3f0063532b883bb2d55520173cfd0364  
[2017/02/02 16:52:41 236] isr        938  vad_set [in]  
[2017/02/02 16:52:41 236] isr        973  vad_enable :  true  
[2017/02/02 16:52:41 236] isr        991  vad_bos :  10000  
[2017/02/02 16:52:41 236] isr        992  vad_eos :  2000  
[2017/02/02 16:52:41 237] isr        897  enable_vad [in]  
[2017/02/02 16:52:41 239] isr        929  vad enabled!  2000  10000  
[2017/02/02 16:52:41 240] isr        932  enable_vad [out]  
[2017/02/02 16:52:41 240] isr        998  vad_set [out] | ret =  0  
[2017/02/02 16:52:41 240] isr        1179 cur_engine_type =   cloud  
[2017/02/02 16:52:41 240] isr        1012 cloud_session_begin  
[2017/02/02 16:52:41 240] isr        1024 standard  
[2017/02/02 16:52:41 243] isr        1535 ASR_MSG_AUW,   cloud  
[2017/02/02 16:52:41 243] isr        1546 6400  1  
[2017/02/02 16:52:41 244] isr        1550 once_bytes:   6400  
[2017/02/02 16:52:41 249] isr        845  [aud] speech start  
[2017/02/02 16:52:41 446] isr        1535 ASR_MSG_AUW,   cloud  
[2017/02/02 16:52:41 446] isr        1546 6400  2  
[2017/02/02 16:52:41 654] isr        1535 ASR_MSG_AUW,   cloud  
[2017/02/02 16:52:41 654] isr        1546 6400  2  
[2017/02/02 16:52:41 855] isr        1535 ASR_MSG_AUW,   cloud  
[2017/02/02 16:52:41 855] isr        1546 6400  2  
[2017/02/02 16:52:42 058] isr        1535 ASR_MSG_AUW,   cloud  
[2017/02/02 16:52:42 058] isr        1546 6400  2  
[2017/02/02 16:52:42 259] isr        1535 ASR_MSG_AUW,   cloud  
[2017/02/02 16:52:42 259] isr        1546 6400  2  
[2017/02/02 16:52:42 460] isr        1535 ASR_MSG_AUW,   cloud  
[2017/02/02 16:52:42 460] isr        1546 6400  2  
[2017/02/02 16:52:42 526] isr        728  cloud_status_cb, eps:  1  
[2017/02/02 16:52:42 661] isr        1535 ASR_MSG_AUW,   cloud  
[2017/02/02 16:52:42 661] isr        1546 6400  2  
[2017/02/02 16:52:42 864] isr        1535 ASR_MSG_AUW,   cloud  
[2017/02/02 16:52:42 864] isr        1546 6400  2  
[2017/02/02 16:52:43 065] isr        1535 ASR_MSG_AUW,   cloud  
[2017/02/02 16:52:43 065] isr        1546 6400  2  
[2017/02/02 16:52:43 266] isr        1535 ASR_MSG_AUW,   cloud  
[2017/02/02 16:52:43 266] isr        1546 6400  2  
[2017/02/02 16:52:43 467] isr        1535 ASR_MSG_AUW,   cloud  
[2017/02/02 16:52:43 467] isr        1546 6400  2  
[2017/02/02 16:52:43 677] isr        1535 ASR_MSG_AUW,   cloud  
[2017/02/02 16:52:43 677] isr        1546 6400  2  
[2017/02/02 16:52:43 878] isr        1535 ASR_MSG_AUW,   cloud  
[2017/02/02 16:52:43 880] isr        1546 6400  2  
[2017/02/02 16:52:44 081] isr        1535 ASR_MSG_AUW,   cloud  
[2017/02/02 16:52:44 082] isr        1546 6400  2  
[2017/02/02 16:52:44 282] isr        1535 ASR_MSG_AUW,   cloud  
[2017/02/02 16:52:44 282] isr        1546 6400  2  
[2017/02/02 16:52:44 484] isr        1535 ASR_MSG_AUW,   cloud  
[2017/02/02 16:52:44 484] isr        1546 6400  2  
[2017/02/02 16:52:44 686] isr        1535 ASR_MSG_AUW,   cloud  
[2017/02/02 16:52:44 686] isr        1546 6400  2  
[2017/02/02 16:52:44 888] isr        1535 ASR_MSG_AUW,   cloud  
[2017/02/02 16:52:44 888] isr        1546 6400  2  
[2017/02/02 16:52:45 088] isr        1535 ASR_MSG_AUW,   cloud  
[2017/02/02 16:52:45 088] isr        1546 6400  2  
[2017/02/02 16:52:45 289] isr        1535 ASR_MSG_AUW,   cloud  
[2017/02/02 16:52:45 290] isr        1546 11442  2  
[2017/02/02 16:52:45 506] isr        1535 ASR_MSG_AUW,   cloud  
[2017/02/02 16:52:45 506] isr        1546 0  4  
[2017/02/02 16:52:45 506] isr        1579 aud end, USER  
[2017/02/02 16:52:45 507] isr        1618 ASR_MSG_GRSLT,   cloud  
[2017/02/02 16:52:45 509] isr        1325 0  nil  2  
[2017/02/02 16:52:45 509] isr        855  [aud] speech end  
[2017/02/02 16:52:45 569] isr        728  cloud_status_cb, eps:  1  
[2017/02/02 16:52:45 661] isr        1618 ASR_MSG_GRSLT,   cloud  
[2017/02/02 16:52:45 661] isr        1325 0  nil  2  
[2017/02/02 16:52:45 815] isr        1618 ASR_MSG_GRSLT,   cloud  
[2017/02/02 16:52:45 816] isr        1325 0  nil  2  
[2017/02/02 16:52:45 971] isr        1618 ASR_MSG_GRSLT,   cloud  
[2017/02/02 16:52:45 971] isr        1325 0  nil  2  
[2017/02/02 16:52:46 127] isr        1618 ASR_MSG_GRSLT,   cloud  
[2017/02/02 16:52:46 127] isr        1325 0  nil  2  
[2017/02/02 16:52:46 148] isr        721  cloud_status_cb, rcs:  0  
[2017/02/02 16:52:46 151] isr        682  cloud_rslt_cb status =   5  
[2017/02/02 16:52:46 151] isr        661  process_result call:  cloud  udata(13890d0) 5  nil  
[2017/02/02 16:52:46 153] isr        721  cloud_status_cb, rcs:  0  
[2017/02/02 16:52:46 282] isr        1618 ASR_MSG_GRSLT,   cloud  
[2017/02/02 16:52:46 282] isr        1325 0  udata(13890d0) 5  
[2017/02/02 16:52:46 437] isr        1621 ASR_MSG_SSE,   cloud  
[2017/02/02 16:52:46 437] isr        1346 session_end() [in]  
[2017/02/02 16:52:46 437] isr        1409 cloud_session_end() [in]  
[2017/02/02 16:52:46 440] isr        1476 ns_host=  open.xf-yun.com  
[2017/02/02 16:52:46 440] isr        1486 tick()mod=  173351328  
[2017/02/02 16:52:46 441] isr        1487 tick()=  173351328  
[2017/02/02 16:52:46 441] isr        1489 diff=  4953  
[2017/02/02 16:52:46 441] isr        1502 cloud_session_end() [out]  
[2017/02/02 16:52:46 441] isr        1649 isr unload!  
============================================================
Time  2017/02/02 16:53:09 828 
============================================================
[2017/02/02 16:53:09 828] isr        1641 isr loaded!  
[2017/02/02 16:53:09 828] isr        1624 SYS_MSG_REGCB param0 =   msp_status_cb  param1 =   func(1f51588) 
[2017/02/02 16:53:09 828] isr        1525 ASR_MSG_SSB  
[2017/02/02 16:53:09 828] isr        1070 session_begin() [in], params:   sub = asr, result_type = plain, result_encoding = gb2312  2796d1a19ffe0a2a972d7f366bdf1a83  
[2017/02/02 16:53:09 828] isr        938  vad_set [in]  
[2017/02/02 16:53:09 828] isr        973  vad_enable :  true  
[2017/02/02 16:53:09 828] isr        991  vad_bos :  10000  
[2017/02/02 16:53:09 828] isr        992  vad_eos :  2000  
[2017/02/02 16:53:09 828] isr        897  enable_vad [in]  
[2017/02/02 16:53:09 829] isr        929  vad enabled!  2000  10000  
[2017/02/02 16:53:09 829] isr        932  enable_vad [out]  
[2017/02/02 16:53:09 829] isr        998  vad_set [out] | ret =  0  
[2017/02/02 16:53:09 829] isr        1179 cur_engine_type =   cloud  
[2017/02/02 16:53:09 829] isr        1012 cloud_session_begin  
[2017/02/02 16:53:09 829] isr        1024 standard  
[2017/02/02 16:53:09 832] isr        1535 ASR_MSG_AUW,   cloud  
[2017/02/02 16:53:09 832] isr        1546 6400  1  
[2017/02/02 16:53:09 832] isr        1550 once_bytes:   6400  
[2017/02/02 16:53:09 832] isr        845  [aud] speech start  
[2017/02/02 16:53:10 036] isr        1535 ASR_MSG_AUW,   cloud  
[2017/02/02 16:53:10 036] isr        1546 6400  2  
[2017/02/02 16:53:10 237] isr        1535 ASR_MSG_AUW,   cloud  
[2017/02/02 16:53:10 237] isr        1546 6400  2  
[2017/02/02 16:53:10 440] isr        1535 ASR_MSG_AUW,   cloud  
[2017/02/02 16:53:10 440] isr        1546 6400  2  
[2017/02/02 16:53:10 645] isr        1535 ASR_MSG_AUW,   cloud  
[2017/02/02 16:53:10 645] isr        1546 6400  2  
[2017/02/02 16:53:10 846] isr        1535 ASR_MSG_AUW,   cloud  
[2017/02/02 16:53:10 846] isr        1546 6400  2  
[2017/02/02 16:53:11 049] isr        1535 ASR_MSG_AUW,   cloud  
[2017/02/02 16:53:11 049] isr        1546 6400  2  
[2017/02/02 16:53:11 114] isr        728  cloud_status_cb, eps:  1  
[2017/02/02 16:53:11 252] isr        1535 ASR_MSG_AUW,   cloud  
[2017/02/02 16:53:11 252] isr        1546 6400  2  
[2017/02/02 16:53:11 453] isr        1535 ASR_MSG_AUW,   cloud  
[2017/02/02 16:53:11 453] isr        1546 6400  2  
[2017/02/02 16:53:11 663] isr        1535 ASR_MSG_AUW,   cloud  
[2017/02/02 16:53:11 663] isr        1546 6400  2  
[2017/02/02 16:53:11 865] isr        1535 ASR_MSG_AUW,   cloud  
[2017/02/02 16:53:11 865] isr        1546 6400  2  
[2017/02/02 16:53:12 066] isr        1535 ASR_MSG_AUW,   cloud  
[2017/02/02 16:53:12 066] isr        1546 6400  2  
[2017/02/02 16:53:12 269] isr        1535 ASR_MSG_AUW,   cloud  
[2017/02/02 16:53:12 269] isr        1546 6400  2  
[2017/02/02 16:53:12 470] isr        1535 ASR_MSG_AUW,   cloud  
[2017/02/02 16:53:12 470] isr        1546 6400  2  
[2017/02/02 16:53:12 671] isr        1535 ASR_MSG_AUW,   cloud  
[2017/02/02 16:53:12 671] isr        1546 6400  2  
[2017/02/02 16:53:12 874] isr        1535 ASR_MSG_AUW,   cloud  
[2017/02/02 16:53:12 874] isr        1546 6400  2  
[2017/02/02 16:53:13 089] isr        1535 ASR_MSG_AUW,   cloud  
[2017/02/02 16:53:13 089] isr        1546 6400  2  
[2017/02/02 16:53:13 292] isr        1535 ASR_MSG_AUW,   cloud  
[2017/02/02 16:53:13 292] isr        1546 6400  2  
[2017/02/02 16:53:13 500] isr        1535 ASR_MSG_AUW,   cloud  
[2017/02/02 16:53:13 500] isr        1546 6400  2  
[2017/02/02 16:53:13 700] isr        1535 ASR_MSG_AUW,   cloud  
[2017/02/02 16:53:13 700] isr        1546 6400  2  
[2017/02/02 16:53:13 904] isr        1535 ASR_MSG_AUW,   cloud  
[2017/02/02 16:53:13 904] isr        1546 11442  2  
[2017/02/02 16:53:14 105] isr        1535 ASR_MSG_AUW,   cloud  
[2017/02/02 16:53:14 105] isr        1546 0  4  
[2017/02/02 16:53:14 105] isr        1579 aud end, USER  
[2017/02/02 16:53:14 105] isr        1618 ASR_MSG_GRSLT,   cloud  
[2017/02/02 16:53:14 105] isr        1325 0  nil  2  
[2017/02/02 16:53:14 108] isr        855  [aud] speech end  
[2017/02/02 16:53:14 161] isr        728  cloud_status_cb, eps:  1  
[2017/02/02 16:53:14 259] isr        1618 ASR_MSG_GRSLT,   cloud  
[2017/02/02 16:53:14 259] isr        1325 0  nil  2  
[2017/02/02 16:53:14 414] isr        1618 ASR_MSG_GRSLT,   cloud  
[2017/02/02 16:53:14 414] isr        1325 0  nil  2  
[2017/02/02 16:53:14 569] isr        1618 ASR_MSG_GRSLT,   cloud  
[2017/02/02 16:53:14 571] isr        1325 0  nil  2  
[2017/02/02 16:53:14 724] isr        1618 ASR_MSG_GRSLT,   cloud  
[2017/02/02 16:53:14 726] isr        1325 0  nil  2  
[2017/02/02 16:53:14 746] isr        721  cloud_status_cb, rcs:  0  
[2017/02/02 16:53:14 749] isr        682  cloud_rslt_cb status =   5  
[2017/02/02 16:53:14 749] isr        661  process_result call:  cloud  udata(42faec0) 5  nil  
[2017/02/02 16:53:14 878] isr        1618 ASR_MSG_GRSLT,   cloud  
[2017/02/02 16:53:14 878] isr        1325 0  udata(42faec0) 5  
[2017/02/02 16:53:15 035] isr        1621 ASR_MSG_SSE,   cloud  
[2017/02/02 16:53:15 035] isr        1346 session_end() [in]  
[2017/02/02 16:53:15 035] isr        1409 cloud_session_end() [in]  
[2017/02/02 16:53:15 036] isr        1476 ns_host=  open.xf-yun.com  
[2017/02/02 16:53:15 036] isr        1486 tick()mod=  173379937  
[2017/02/02 16:53:15 036] isr        1487 tick()=  173379937  
[2017/02/02 16:53:15 038] isr        1489 diff=  4969  
[2017/02/02 16:53:15 038] isr        1502 cloud_session_end() [out]  
[2017/02/02 16:53:15 039] isr        1649 isr unload!  
============================================================
Time  2017/02/02 16:54:53 085 
============================================================
[2017/02/02 16:54:53 085] isr        1641 isr loaded!  
[2017/02/02 16:54:53 085] isr        1624 SYS_MSG_REGCB param0 =   msp_status_cb  param1 =   func(8159f530) 
[2017/02/02 16:54:53 085] isr        1525 ASR_MSG_SSB  
[2017/02/02 16:54:53 085] isr        1070 session_begin() [in], params:   sub = asr, result_type = plain, result_encoding = gb2312  06393933be10541a145f9f688e394a28  
[2017/02/02 16:54:53 085] isr        938  vad_set [in]  
[2017/02/02 16:54:53 085] isr        973  vad_enable :  true  
[2017/02/02 16:54:53 085] isr        991  vad_bos :  10000  
[2017/02/02 16:54:53 085] isr        992  vad_eos :  2000  
[2017/02/02 16:54:53 085] isr        897  enable_vad [in]  
[2017/02/02 16:54:53 088] isr        929  vad enabled!  2000  10000  
[2017/02/02 16:54:53 088] isr        932  enable_vad [out]  
[2017/02/02 16:54:53 088] isr        998  vad_set [out] | ret =  0  
[2017/02/02 16:54:53 088] isr        1179 cur_engine_type =   cloud  
[2017/02/02 16:54:53 088] isr        1012 cloud_session_begin  
[2017/02/02 16:54:53 088] isr        1024 standard  
[2017/02/02 16:54:53 092] isr        1535 ASR_MSG_AUW,   cloud  
[2017/02/02 16:54:53 092] isr        1546 6400  1  
[2017/02/02 16:54:53 092] isr        1550 once_bytes:   6400  
[2017/02/02 16:54:53 096] isr        845  [aud] speech start  
[2017/02/02 16:54:53 312] isr        1535 ASR_MSG_AUW,   cloud  
[2017/02/02 16:54:53 312] isr        1546 6400  2  
[2017/02/02 16:54:53 517] isr        1535 ASR_MSG_AUW,   cloud  
[2017/02/02 16:54:53 517] isr        1546 6400  2  
[2017/02/02 16:54:53 720] isr        1535 ASR_MSG_AUW,   cloud  
[2017/02/02 16:54:53 720] isr        1546 6400  2  
[2017/02/02 16:54:53 921] isr        1535 ASR_MSG_AUW,   cloud  
[2017/02/02 16:54:53 921] isr        1546 6400  2  
[2017/02/02 16:54:54 124] isr        1535 ASR_MSG_AUW,   cloud  
[2017/02/02 16:54:54 124] isr        1546 6400  2  
[2017/02/02 16:54:54 326] isr        1535 ASR_MSG_AUW,   cloud  
[2017/02/02 16:54:54 326] isr        1546 6400  2  
[2017/02/02 16:54:54 411] isr        728  cloud_status_cb, eps:  1  
[2017/02/02 16:54:54 528] isr        1535 ASR_MSG_AUW,   cloud  
[2017/02/02 16:54:54 528] isr        1546 6400  2  
[2017/02/02 16:54:54 730] isr        1535 ASR_MSG_AUW,   cloud  
[2017/02/02 16:54:54 730] isr        1546 6400  2  
[2017/02/02 16:54:54 931] isr        1535 ASR_MSG_AUW,   cloud  
[2017/02/02 16:54:54 931] isr        1546 6400  2  
[2017/02/02 16:54:55 132] isr        1535 ASR_MSG_AUW,   cloud  
[2017/02/02 16:54:55 132] isr        1546 6400  2  
[2017/02/02 16:54:55 335] isr        1535 ASR_MSG_AUW,   cloud  
[2017/02/02 16:54:55 335] isr        1546 6400  2  
[2017/02/02 16:54:55 536] isr        1535 ASR_MSG_AUW,   cloud  
[2017/02/02 16:54:55 536] isr        1546 6400  2  
[2017/02/02 16:54:55 739] isr        1535 ASR_MSG_AUW,   cloud  
[2017/02/02 16:54:55 739] isr        1546 6400  2  
[2017/02/02 16:54:55 940] isr        1535 ASR_MSG_AUW,   cloud  
[2017/02/02 16:54:55 940] isr        1546 6400  2  
[2017/02/02 16:54:56 141] isr        1535 ASR_MSG_AUW,   cloud  
[2017/02/02 16:54:56 141] isr        1546 6400  2  
[2017/02/02 16:54:56 352] isr        1535 ASR_MSG_AUW,   cloud  
[2017/02/02 16:54:56 354] isr        1546 6400  2  
[2017/02/02 16:54:56 562] isr        1535 ASR_MSG_AUW,   cloud  
[2017/02/02 16:54:56 562] isr        1546 6400  2  
[2017/02/02 16:54:56 763] isr        1535 ASR_MSG_AUW,   cloud  
[2017/02/02 16:54:56 763] isr        1546 6400  2  
[2017/02/02 16:54:56 964] isr        1535 ASR_MSG_AUW,   cloud  
[2017/02/02 16:54:56 964] isr        1546 6400  2  
[2017/02/02 16:54:57 165] isr        1535 ASR_MSG_AUW,   cloud  
[2017/02/02 16:54:57 165] isr        1546 11442  2  
[2017/02/02 16:54:57 368] isr        1535 ASR_MSG_AUW,   cloud  
[2017/02/02 16:54:57 368] isr        1546 0  4  
[2017/02/02 16:54:57 368] isr        1579 aud end, USER  
[2017/02/02 16:54:57 369] isr        1618 ASR_MSG_GRSLT,   cloud  
[2017/02/02 16:54:57 369] isr        1325 0  nil  2  
[2017/02/02 16:54:57 371] isr        855  [aud] speech end  
[2017/02/02 16:54:57 434] isr        728  cloud_status_cb, eps:  1  
[2017/02/02 16:54:57 523] isr        1618 ASR_MSG_GRSLT,   cloud  
[2017/02/02 16:54:57 523] isr        1325 0  nil  2  
[2017/02/02 16:54:57 678] isr        1618 ASR_MSG_GRSLT,   cloud  
[2017/02/02 16:54:57 678] isr        1325 0  nil  2  
[2017/02/02 16:54:57 832] isr        1618 ASR_MSG_GRSLT,   cloud  
[2017/02/02 16:54:57 832] isr        1325 0  nil  2  
[2017/02/02 16:54:57 987] isr        721  cloud_status_cb, rcs:  0  
[2017/02/02 16:54:57 987] isr        1618 ASR_MSG_GRSLT,   cloud  
[2017/02/02 16:54:57 987] isr        1325 0  nil  2  
[2017/02/02 16:54:57 990] isr        682  cloud_rslt_cb status =   5  
[2017/02/02 16:54:57 990] isr        661  process_result call:  cloud  udata(81b67ee8) 5  nil  
[2017/02/02 16:54:58 142] isr        1618 ASR_MSG_GRSLT,   cloud  
[2017/02/02 16:54:58 142] isr        1325 0  udata(81b67ee8) 5  
[2017/02/02 16:54:58 299] isr        1621 ASR_MSG_SSE,   cloud  
[2017/02/02 16:54:58 299] isr        1346 session_end() [in]  
[2017/02/02 16:54:58 299] isr        1409 cloud_session_end() [in]  
[2017/02/02 16:54:58 302] isr        1476 ns_host=  open.xf-yun.com  
[2017/02/02 16:54:58 302] isr        1486 tick()mod=  173483203  
[2017/02/02 16:54:58 302] isr        1487 tick()=  173483203  
[2017/02/02 16:54:58 302] isr        1489 diff=  5016  
[2017/02/02 16:54:58 302] isr        1502 cloud_session_end() [out]  
[2017/02/02 16:54:58 302] isr        1649 isr unload!  
============================================================
Time  2017/02/02 21:37:10 878 
============================================================
[2017/02/02 21:37:10 880] isr        1641 isr loaded!  
[2017/02/02 21:37:10 880] isr        1624 SYS_MSG_REGCB param0 =   msp_status_cb  param1 =   func(450811c0) 
[2017/02/02 21:37:10 880] isr        1525 ASR_MSG_SSB  
[2017/02/02 21:37:10 881] isr        1070 session_begin() [in], params:   sub = iat, domain = iat, language = zh_cn, accent = mandarin, sample_rate = 16000, result_type = plain, result_encoding = gb2312  nil  
[2017/02/02 21:37:10 881] isr        938  vad_set [in]  
[2017/02/02 21:37:10 881] isr        973  vad_enable :  true  
[2017/02/02 21:37:10 881] isr        991  vad_bos :  10000  
[2017/02/02 21:37:10 881] isr        992  vad_eos :  2000  
[2017/02/02 21:37:10 881] isr        897  enable_vad [in]  
[2017/02/02 21:37:10 882] isr        929  vad enabled!  2000  10000  
[2017/02/02 21:37:10 882] isr        932  enable_vad [out]  
[2017/02/02 21:37:10 882] isr        998  vad_set [out] | ret =  0  
[2017/02/02 21:37:10 882] isr        1179 cur_engine_type =   cloud  
[2017/02/02 21:37:10 882] isr        1012 cloud_session_begin  
[2017/02/02 21:37:10 882] isr        1024 standard  
[2017/02/02 21:37:10 884] isr        1535 ASR_MSG_AUW,   cloud  
[2017/02/02 21:37:10 884] isr        1546 6400  1  
[2017/02/02 21:37:10 884] isr        1550 once_bytes:   6400  
[2017/02/02 21:37:10 884] isr        845  [aud] speech start  
[2017/02/02 21:37:11 150] isr        1535 ASR_MSG_AUW,   cloud  
[2017/02/02 21:37:11 150] isr        1546 6400  2  
[2017/02/02 21:37:11 194] isr        721  cloud_status_cb, rcs:  2  
[2017/02/02 21:37:11 194] isr        728  cloud_status_cb, eps:  1  
[2017/02/02 21:37:11 351] isr        1535 ASR_MSG_AUW,   cloud  
[2017/02/02 21:37:11 351] isr        1546 6400  2  
[2017/02/02 21:37:11 415] isr        721  cloud_status_cb, rcs:  2  
[2017/02/02 21:37:11 552] isr        1535 ASR_MSG_AUW,   cloud  
[2017/02/02 21:37:11 552] isr        1546 6400  2  
[2017/02/02 21:37:11 591] isr        721  cloud_status_cb, rcs:  2  
[2017/02/02 21:37:11 753] isr        1535 ASR_MSG_AUW,   cloud  
[2017/02/02 21:37:11 753] isr        1546 6400  2  
[2017/02/02 21:37:11 818] isr        721  cloud_status_cb, rcs:  2  
[2017/02/02 21:37:11 953] isr        1535 ASR_MSG_AUW,   cloud  
[2017/02/02 21:37:11 953] isr        1546 6400  2  
[2017/02/02 21:37:12 016] isr        721  cloud_status_cb, rcs:  2  
[2017/02/02 21:37:12 154] isr        1535 ASR_MSG_AUW,   cloud  
[2017/02/02 21:37:12 154] isr        1546 6400  2  
[2017/02/02 21:37:12 213] isr        721  cloud_status_cb, rcs:  2  
[2017/02/02 21:37:12 354] isr        1535 ASR_MSG_AUW,   cloud  
[2017/02/02 21:37:12 354] isr        1546 6400  2  
[2017/02/02 21:37:12 426] isr        721  cloud_status_cb, rcs:  2  
[2017/02/02 21:37:12 555] isr        1535 ASR_MSG_AUW,   cloud  
[2017/02/02 21:37:12 555] isr        1546 6400  2  
[2017/02/02 21:37:12 605] isr        721  cloud_status_cb, rcs:  2  
[2017/02/02 21:37:12 756] isr        1535 ASR_MSG_AUW,   cloud  
[2017/02/02 21:37:12 756] isr        1546 6400  2  
[2017/02/02 21:37:12 823] isr        721  cloud_status_cb, rcs:  2  
[2017/02/02 21:37:12 957] isr        1535 ASR_MSG_AUW,   cloud  
[2017/02/02 21:37:12 957] isr        1546 6400  2  
[2017/02/02 21:37:13 022] isr        721  cloud_status_cb, rcs:  2  
[2017/02/02 21:37:13 157] isr        1535 ASR_MSG_AUW,   cloud  
[2017/02/02 21:37:13 157] isr        1546 6400  2  
[2017/02/02 21:37:13 217] isr        721  cloud_status_cb, rcs:  2  
[2017/02/02 21:37:13 358] isr        1535 ASR_MSG_AUW,   cloud  
[2017/02/02 21:37:13 358] isr        1546 6400  2  
[2017/02/02 21:37:13 415] isr        721  cloud_status_cb, rcs:  2  
[2017/02/02 21:37:13 559] isr        1535 ASR_MSG_AUW,   cloud  
[2017/02/02 21:37:13 559] isr        1546 6400  2  
[2017/02/02 21:37:13 630] isr        721  cloud_status_cb, rcs:  2  
[2017/02/02 21:37:13 759] isr        1535 ASR_MSG_AUW,   cloud  
[2017/02/02 21:37:13 759] isr        1546 6400  2  
[2017/02/02 21:37:13 825] isr        721  cloud_status_cb, rcs:  2  
[2017/02/02 21:37:13 960] isr        1535 ASR_MSG_AUW,   cloud  
[2017/02/02 21:37:13 960] isr        1546 6400  2  
[2017/02/02 21:37:14 028] isr        721  cloud_status_cb, rcs:  2  
[2017/02/02 21:37:14 161] isr        1535 ASR_MSG_AUW,   cloud  
[2017/02/02 21:37:14 161] isr        1546 6400  2  
[2017/02/02 21:37:14 253] isr        721  cloud_status_cb, rcs:  2  
[2017/02/02 21:37:14 362] isr        1535 ASR_MSG_AUW,   cloud  
[2017/02/02 21:37:14 362] isr        1546 6400  2  
[2017/02/02 21:37:14 427] isr        721  cloud_status_cb, rcs:  2  
[2017/02/02 21:37:14 562] isr        1535 ASR_MSG_AUW,   cloud  
[2017/02/02 21:37:14 562] isr        1546 6400  2  
[2017/02/02 21:37:14 608] isr        721  cloud_status_cb, rcs:  2  
[2017/02/02 21:37:14 763] isr        1535 ASR_MSG_AUW,   cloud  
[2017/02/02 21:37:14 765] isr        1546 6400  2  
[2017/02/02 21:37:14 821] isr        721  cloud_status_cb, rcs:  2  
[2017/02/02 21:37:14 964] isr        1535 ASR_MSG_AUW,   cloud  
[2017/02/02 21:37:14 964] isr        1546 6400  2  
[2017/02/02 21:37:15 016] isr        721  cloud_status_cb, rcs:  2  
[2017/02/02 21:37:15 165] isr        1535 ASR_MSG_AUW,   cloud  
[2017/02/02 21:37:15 165] isr        1546 6400  2  
[2017/02/02 21:37:15 240] isr        721  cloud_status_cb, rcs:  0  
[2017/02/02 21:37:15 240] isr        682  cloud_rslt_cb status =   0  
[2017/02/02 21:37:15 240] isr        661  process_result call:  cloud  udata(46e911c8) 0  nil  
[2017/02/02 21:37:15 365] isr        1535 ASR_MSG_AUW,   cloud  
[2017/02/02 21:37:15 365] isr        1546 7420  2  
[2017/02/02 21:37:15 367] isr        1618 ASR_MSG_GRSLT,   cloud  
[2017/02/02 21:37:15 367] isr        1325 0  udata(46e911c8) 0  
[2017/02/02 21:37:15 433] isr        721  cloud_status_cb, rcs:  2  
[2017/02/02 21:37:15 444] isr        721  cloud_status_cb, rcs:  2  
[2017/02/02 21:37:15 568] isr        1535 ASR_MSG_AUW,   cloud  
[2017/02/02 21:37:15 568] isr        1546 0  4  
[2017/02/02 21:37:15 568] isr        1579 aud end, USER  
[2017/02/02 21:37:15 569] isr        1618 ASR_MSG_GRSLT,   cloud  
[2017/02/02 21:37:15 569] isr        1325 0  nil  2  
[2017/02/02 21:37:15 569] isr        855  [aud] speech end  
[2017/02/02 21:37:15 637] isr        721  cloud_status_cb, rcs:  2  
[2017/02/02 21:37:15 640] isr        682  cloud_rslt_cb status =   5  
[2017/02/02 21:37:15 640] isr        661  process_result call:  cloud  udata(46e94f58) 5  nil  
[2017/02/02 21:37:15 720] isr        1618 ASR_MSG_GRSLT,   cloud  
[2017/02/02 21:37:15 720] isr        1325 0  udata(46e94f58) 5  
[2017/02/02 21:37:15 880] isr        1621 ASR_MSG_SSE,   cloud  
[2017/02/02 21:37:15 880] isr        1346 session_end() [in]  
[2017/02/02 21:37:15 880] isr        1409 cloud_session_end() [in]  
[2017/02/02 21:37:15 881] isr        1476 ns_host=  open.xf-yun.com  
[2017/02/02 21:37:15 881] isr        1486 tick()mod=  190420781  
[2017/02/02 21:37:15 881] isr        1487 tick()=  190420781  
[2017/02/02 21:37:15 882] isr        1489 diff=  4797  
[2017/02/02 21:37:15 882] isr        1502 cloud_session_end() [out]  
[2017/02/02 21:37:15 882] isr        1649 isr unload!  
============================================================
Time  2017/02/02 21:39:53 519 
============================================================
[2017/02/02 21:39:53 519] isr        1641 isr loaded!  
[2017/02/02 21:39:53 519] isr        1624 SYS_MSG_REGCB param0 =   msp_status_cb  param1 =   func(663e0350) 
[2017/02/02 21:39:53 520] isr        1525 ASR_MSG_SSB  
[2017/02/02 21:39:53 520] isr        1070 session_begin() [in], params:   sub = iat, domain = iat, language = zh_ch, accent = mandarin, sample_rate = 16000, result_type = plain, result_encoding = gb2312  nil  
[2017/02/02 21:39:53 520] isr        938  vad_set [in]  
[2017/02/02 21:39:53 520] isr        973  vad_enable :  true  
[2017/02/02 21:39:53 520] isr        991  vad_bos :  10000  
[2017/02/02 21:39:53 520] isr        992  vad_eos :  2000  
[2017/02/02 21:39:53 520] isr        897  enable_vad [in]  
[2017/02/02 21:39:53 522] isr        929  vad enabled!  2000  10000  
[2017/02/02 21:39:53 522] isr        932  enable_vad [out]  
[2017/02/02 21:39:53 522] isr        998  vad_set [out] | ret =  0  
[2017/02/02 21:39:53 522] isr        1179 cur_engine_type =   cloud  
[2017/02/02 21:39:53 522] isr        1012 cloud_session_begin  
[2017/02/02 21:39:53 522] isr        1024 standard  
[2017/02/02 21:39:53 523] isr        1535 ASR_MSG_AUW,   cloud  
[2017/02/02 21:39:53 523] isr        1546 6400  1  
[2017/02/02 21:39:53 523] isr        1550 once_bytes:   6400  
[2017/02/02 21:39:53 525] isr        845  [aud] speech start  
[2017/02/02 21:39:53 765] isr        1535 ASR_MSG_AUW,   cloud  
[2017/02/02 21:39:53 765] isr        1546 6400  2  
[2017/02/02 21:39:53 815] isr        721  cloud_status_cb, rcs:  2  
[2017/02/02 21:39:53 816] isr        728  cloud_status_cb, eps:  1  
[2017/02/02 21:39:53 966] isr        1535 ASR_MSG_AUW,   cloud  
[2017/02/02 21:39:53 966] isr        1546 6400  2  
[2017/02/02 21:39:54 009] isr        721  cloud_status_cb, rcs:  2  
[2017/02/02 21:39:54 165] isr        1535 ASR_MSG_AUW,   cloud  
[2017/02/02 21:39:54 165] isr        1546 6400  2  
[2017/02/02 21:39:54 210] isr        721  cloud_status_cb, rcs:  2  
[2017/02/02 21:39:54 367] isr        1535 ASR_MSG_AUW,   cloud  
[2017/02/02 21:39:54 367] isr        1546 6400  2  
[2017/02/02 21:39:54 404] isr        721  cloud_status_cb, rcs:  2  
[2017/02/02 21:39:54 566] isr        1535 ASR_MSG_AUW,   cloud  
[2017/02/02 21:39:54 566] isr        1546 6400  2  
[2017/02/02 21:39:54 605] isr        721  cloud_status_cb, rcs:  2  
[2017/02/02 21:39:54 767] isr        1535 ASR_MSG_AUW,   cloud  
[2017/02/02 21:39:54 767] isr        1546 6400  2  
[2017/02/02 21:39:54 818] isr        721  cloud_status_cb, rcs:  2  
[2017/02/02 21:39:54 969] isr        1535 ASR_MSG_AUW,   cloud  
[2017/02/02 21:39:54 969] isr        1546 6400  2  
[2017/02/02 21:39:55 006] isr        721  cloud_status_cb, rcs:  2  
[2017/02/02 21:39:55 168] isr        1535 ASR_MSG_AUW,   cloud  
[2017/02/02 21:39:55 168] isr        1546 6400  2  
[2017/02/02 21:39:55 206] isr        721  cloud_status_cb, rcs:  2  
[2017/02/02 21:39:55 369] isr        1535 ASR_MSG_AUW,   cloud  
[2017/02/02 21:39:55 369] isr        1546 6400  2  
[2017/02/02 21:39:55 407] isr        721  cloud_status_cb, rcs:  2  
[2017/02/02 21:39:55 571] isr        1535 ASR_MSG_AUW,   cloud  
[2017/02/02 21:39:55 571] isr        1546 6400  2  
[2017/02/02 21:39:55 608] isr        721  cloud_status_cb, rcs:  2  
[2017/02/02 21:39:55 772] isr        1535 ASR_MSG_AUW,   cloud  
[2017/02/02 21:39:55 772] isr        1546 6400  2  
[2017/02/02 21:39:55 812] isr        721  cloud_status_cb, rcs:  2  
[2017/02/02 21:39:55 973] isr        1535 ASR_MSG_AUW,   cloud  
[2017/02/02 21:39:55 973] isr        1546 6400  2  
[2017/02/02 21:39:56 026] isr        721  cloud_status_cb, rcs:  2  
[2017/02/02 21:39:56 174] isr        1535 ASR_MSG_AUW,   cloud  
[2017/02/02 21:39:56 174] isr        1546 6400  2  
[2017/02/02 21:39:56 213] isr        721  cloud_status_cb, rcs:  2  
[2017/02/02 21:39:56 374] isr        1535 ASR_MSG_AUW,   cloud  
[2017/02/02 21:39:56 374] isr        1546 6400  2  
[2017/02/02 21:39:56 430] isr        721  cloud_status_cb, rcs:  2  
[2017/02/02 21:39:56 575] isr        1535 ASR_MSG_AUW,   cloud  
[2017/02/02 21:39:56 575] isr        1546 7430  2  
[2017/02/02 21:39:56 628] isr        721  cloud_status_cb, rcs:  2  
[2017/02/02 21:39:56 630] isr        721  cloud_status_cb, rcs:  2  
[2017/02/02 21:39:56 776] isr        1535 ASR_MSG_AUW,   cloud  
[2017/02/02 21:39:56 776] isr        1546 0  4  
[2017/02/02 21:39:56 776] isr        1579 aud end, USER  
[2017/02/02 21:39:56 776] isr        1618 ASR_MSG_GRSLT,   cloud  
[2017/02/02 21:39:56 776] isr        1325 0  nil  2  
[2017/02/02 21:39:56 776] isr        855  [aud] speech end  
[2017/02/02 21:39:56 872] isr        721  cloud_status_cb, rcs:  2  
[2017/02/02 21:39:56 875] isr        682  cloud_rslt_cb status =   0  
[2017/02/02 21:39:56 875] isr        661  process_result call:  cloud  udata(681e71e8) 0  nil  
[2017/02/02 21:39:56 875] isr        682  cloud_rslt_cb status =   5  
[2017/02/02 21:39:56 875] isr        661  process_result call:  cloud  udata(681e5988) 5  nil  
[2017/02/02 21:39:56 927] isr        1618 ASR_MSG_GRSLT,   cloud  
[2017/02/02 21:39:56 927] isr        1325 0  udata(681e71e8) 0  
[2017/02/02 21:39:57 078] isr        1618 ASR_MSG_GRSLT,   cloud  
[2017/02/02 21:39:57 078] isr        1325 0  udata(681e5988) 5  
[2017/02/02 21:39:57 230] isr        1621 ASR_MSG_SSE,   cloud  
[2017/02/02 21:39:57 230] isr        1346 session_end() [in]  
[2017/02/02 21:39:57 230] isr        1409 cloud_session_end() [in]  
[2017/02/02 21:39:57 230] isr        1476 ns_host=  open.xf-yun.com  
[2017/02/02 21:39:57 230] isr        1486 tick()mod=  190582125  
[2017/02/02 21:39:57 230] isr        1487 tick()=  190582125  
[2017/02/02 21:39:57 230] isr        1489 diff=  3516  
[2017/02/02 21:39:57 230] isr        1502 cloud_session_end() [out]  
[2017/02/02 21:39:57 232] isr        1649 isr unload!  
============================================================
Time  2017/02/04 20:00:00 440 
============================================================
[2017/02/04 20:00:00 440] isr        1641 isr loaded!  
[2017/02/04 20:00:00 440] isr        1624 SYS_MSG_REGCB param0 =   msp_status_cb  param1 =   func(8c84f320) 
[2017/02/04 20:00:00 440] isr        1525 ASR_MSG_SSB  
[2017/02/04 20:00:00 440] isr        1070 session_begin() [in], params:   sub = iat, domain = iat, language = zh_ch, accent = mandarin, sample_rate = 16000, result_type = plain, result_encoding = gb2312  nil  
[2017/02/04 20:00:00 440] isr        938  vad_set [in]  
[2017/02/04 20:00:00 440] isr        973  vad_enable :  true  
[2017/02/04 20:00:00 440] isr        991  vad_bos :  10000  
[2017/02/04 20:00:00 440] isr        992  vad_eos :  2000  
[2017/02/04 20:00:00 440] isr        897  enable_vad [in]  
[2017/02/04 20:00:00 456] isr        929  vad enabled!  2000  10000  
[2017/02/04 20:00:00 456] isr        932  enable_vad [out]  
[2017/02/04 20:00:00 456] isr        998  vad_set [out] | ret =  0  
[2017/02/04 20:00:00 456] isr        1179 cur_engine_type =   cloud  
[2017/02/04 20:00:00 456] isr        1012 cloud_session_begin  
[2017/02/04 20:00:00 456] isr        1024 standard  
[2017/02/04 20:00:00 456] isr        1535 ASR_MSG_AUW,   cloud  
[2017/02/04 20:00:00 456] isr        1546 6400  1  
[2017/02/04 20:00:00 456] isr        1550 once_bytes:   6400  
[2017/02/04 20:00:00 456] isr        845  [aud] speech start  
[2017/02/04 20:00:00 671] isr        1535 ASR_MSG_AUW,   cloud  
[2017/02/04 20:00:00 671] isr        1546 6400  2  
[2017/02/04 20:00:00 723] isr        721  cloud_status_cb, rcs:  2  
[2017/02/04 20:00:00 723] isr        728  cloud_status_cb, eps:  1  
[2017/02/04 20:00:00 887] isr        1535 ASR_MSG_AUW,   cloud  
[2017/02/04 20:00:00 887] isr        1546 6400  2  
[2017/02/04 20:00:00 940] isr        721  cloud_status_cb, rcs:  2  
[2017/02/04 20:00:01 102] isr        1535 ASR_MSG_AUW,   cloud  
[2017/02/04 20:00:01 102] isr        1546 6400  2  
[2017/02/04 20:00:01 155] isr        721  cloud_status_cb, rcs:  2  
[2017/02/04 20:00:01 325] isr        1535 ASR_MSG_AUW,   cloud  
[2017/02/04 20:00:01 325] isr        1546 6400  2  
[2017/02/04 20:00:01 371] isr        721  cloud_status_cb, rcs:  2  
[2017/02/04 20:00:01 539] isr        1535 ASR_MSG_AUW,   cloud  
[2017/02/04 20:00:01 539] isr        1546 6400  2  
[2017/02/04 20:00:01 586] isr        721  cloud_status_cb, rcs:  2  
[2017/02/04 20:00:01 756] isr        1535 ASR_MSG_AUW,   cloud  
[2017/02/04 20:00:01 756] isr        1546 6400  2  
[2017/02/04 20:00:01 803] isr        721  cloud_status_cb, rcs:  2  
[2017/02/04 20:00:01 960] isr        1535 ASR_MSG_AUW,   cloud  
[2017/02/04 20:00:01 960] isr        1546 6400  2  
[2017/02/04 20:00:01 992] isr        721  cloud_status_cb, rcs:  2  
[2017/02/04 20:00:02 171] isr        1535 ASR_MSG_AUW,   cloud  
[2017/02/04 20:00:02 171] isr        1546 6400  2  
[2017/02/04 20:00:02 224] isr        721  cloud_status_cb, rcs:  2  
[2017/02/04 20:00:02 385] isr        1535 ASR_MSG_AUW,   cloud  
[2017/02/04 20:00:02 385] isr        1546 6400  2  
[2017/02/04 20:00:02 424] isr        721  cloud_status_cb, rcs:  2  
[2017/02/04 20:00:02 586] isr        1535 ASR_MSG_AUW,   cloud  
[2017/02/04 20:00:02 586] isr        1546 6400  2  
[2017/02/04 20:00:02 640] isr        721  cloud_status_cb, rcs:  2  
[2017/02/04 20:00:02 802] isr        1535 ASR_MSG_AUW,   cloud  
[2017/02/04 20:00:02 802] isr        1546 6400  2  
[2017/02/04 20:00:02 855] isr        721  cloud_status_cb, rcs:  2  
[2017/02/04 20:00:03 005] isr        1535 ASR_MSG_AUW,   cloud  
[2017/02/04 20:00:03 005] isr        1546 6400  2  
[2017/02/04 20:00:03 071] isr        721  cloud_status_cb, rcs:  2  
[2017/02/04 20:00:03 224] isr        1535 ASR_MSG_AUW,   cloud  
[2017/02/04 20:00:03 224] isr        1546 6400  2  
[2017/02/04 20:00:03 286] isr        721  cloud_status_cb, rcs:  2  
[2017/02/04 20:00:03 440] isr        1535 ASR_MSG_AUW,   cloud  
[2017/02/04 20:00:03 440] isr        1546 6400  2  
[2017/02/04 20:00:03 471] isr        721  cloud_status_cb, rcs:  2  
[2017/02/04 20:00:03 655] isr        1535 ASR_MSG_AUW,   cloud  
[2017/02/04 20:00:03 655] isr        1546 7430  2  
[2017/02/04 20:00:03 706] isr        721  cloud_status_cb, rcs:  2  
[2017/02/04 20:00:03 723] isr        721  cloud_status_cb, rcs:  2  
[2017/02/04 20:00:03 871] isr        1535 ASR_MSG_AUW,   cloud  
[2017/02/04 20:00:03 871] isr        1546 0  4  
[2017/02/04 20:00:03 871] isr        1579 aud end, USER  
[2017/02/04 20:00:03 871] isr        1618 ASR_MSG_GRSLT,   cloud  
[2017/02/04 20:00:03 871] isr        1325 0  nil  2  
[2017/02/04 20:00:03 871] isr        855  [aud] speech end  
[2017/02/04 20:00:03 940] isr        721  cloud_status_cb, rcs:  2  
[2017/02/04 20:00:03 940] isr        682  cloud_rslt_cb status =   0  
[2017/02/04 20:00:03 940] isr        661  process_result call:  cloud  udata(8ea8f758) 0  nil  
[2017/02/04 20:00:03 956] isr        682  cloud_rslt_cb status =   5  
[2017/02/04 20:00:03 956] isr        661  process_result call:  cloud  udata(8ea8d958) 5  nil  
[2017/02/04 20:00:04 023] isr        1618 ASR_MSG_GRSLT,   cloud  
[2017/02/04 20:00:04 023] isr        1325 0  udata(8ea8f758) 0  
[2017/02/04 20:00:04 187] isr        1618 ASR_MSG_GRSLT,   cloud  
[2017/02/04 20:00:04 187] isr        1325 0  udata(8ea8d958) 5  
[2017/02/04 20:00:04 339] isr        1621 ASR_MSG_SSE,   cloud  
[2017/02/04 20:00:04 339] isr        1346 session_end() [in]  
[2017/02/04 20:00:04 339] isr        1409 cloud_session_end() [in]  
[2017/02/04 20:00:04 339] isr        1476 ns_host=  open.xf-yun.com  
[2017/02/04 20:00:04 339] isr        1486 tick()mod=  357389234  
[2017/02/04 20:00:04 339] isr        1487 tick()=  357389234  
[2017/02/04 20:00:04 339] isr        1489 diff=  3672  
[2017/02/04 20:00:04 339] isr        1502 cloud_session_end() [out]  
[2017/02/04 20:00:04 339] isr        1649 isr unload!  
============================================================
Time  2017/02/09 19:37:13 049 
============================================================
[2017/02/09 19:37:13 049] isr        1641 isr loaded!  
[2017/02/09 19:37:13 051] isr        1624 SYS_MSG_REGCB param0 =   msp_status_cb  param1 =   func(9542f480) 
[2017/02/09 19:37:13 051] isr        1525 ASR_MSG_SSB  
[2017/02/09 19:37:13 051] isr        1070 session_begin() [in], params:   sub = iat, domain = iat, language = zh_ch, accent = mandarin, sample_rate = 16000, result_type = plain, result_encoding = gb2312  nil  
[2017/02/09 19:37:13 052] isr        938  vad_set [in]  
[2017/02/09 19:37:13 052] isr        973  vad_enable :  true  
[2017/02/09 19:37:13 052] isr        991  vad_bos :  10000  
[2017/02/09 19:37:13 052] isr        992  vad_eos :  2000  
[2017/02/09 19:37:13 052] isr        897  enable_vad [in]  
[2017/02/09 19:37:13 055] isr        929  vad enabled!  2000  10000  
[2017/02/09 19:37:13 055] isr        932  enable_vad [out]  
[2017/02/09 19:37:13 055] isr        998  vad_set [out] | ret =  0  
[2017/02/09 19:37:13 055] isr        1179 cur_engine_type =   cloud  
[2017/02/09 19:37:13 055] isr        1012 cloud_session_begin  
[2017/02/09 19:37:13 055] isr        1024 standard  
[2017/02/09 19:37:13 058] isr        1535 ASR_MSG_AUW,   cloud  
[2017/02/09 19:37:13 058] isr        1546 6400  1  
[2017/02/09 19:37:13 058] isr        1550 once_bytes:   6400  
[2017/02/09 19:37:13 059] isr        845  [aud] speech start  
[2017/02/09 19:37:13 323] isr        1535 ASR_MSG_AUW,   cloud  
[2017/02/09 19:37:13 323] isr        1546 6400  2  
[2017/02/09 19:37:13 411] isr        721  cloud_status_cb, rcs:  2  
[2017/02/09 19:37:13 411] isr        728  cloud_status_cb, eps:  1  
[2017/02/09 19:37:13 523] isr        1535 ASR_MSG_AUW,   cloud  
[2017/02/09 19:37:13 523] isr        1546 6400  2  
[2017/02/09 19:37:13 605] isr        721  cloud_status_cb, rcs:  2  
[2017/02/09 19:37:13 724] isr        1535 ASR_MSG_AUW,   cloud  
[2017/02/09 19:37:13 724] isr        1546 6400  2  
[2017/02/09 19:37:13 805] isr        721  cloud_status_cb, rcs:  2  
[2017/02/09 19:37:13 927] isr        1535 ASR_MSG_AUW,   cloud  
[2017/02/09 19:37:13 927] isr        1546 6400  2  
[2017/02/09 19:37:14 003] isr        721  cloud_status_cb, rcs:  2  
[2017/02/09 19:37:14 128] isr        1535 ASR_MSG_AUW,   cloud  
[2017/02/09 19:37:14 128] isr        1546 6400  2  
[2017/02/09 19:37:14 194] isr        721  cloud_status_cb, rcs:  2  
[2017/02/09 19:37:14 328] isr        1535 ASR_MSG_AUW,   cloud  
[2017/02/09 19:37:14 328] isr        1546 6400  2  
[2017/02/09 19:37:14 410] isr        721  cloud_status_cb, rcs:  2  
[2017/02/09 19:37:14 529] isr        1535 ASR_MSG_AUW,   cloud  
[2017/02/09 19:37:14 529] isr        1546 6400  2  
[2017/02/09 19:37:14 608] isr        721  cloud_status_cb, rcs:  2  
[2017/02/09 19:37:14 730] isr        1535 ASR_MSG_AUW,   cloud  
[2017/02/09 19:37:14 730] isr        1546 6400  2  
[2017/02/09 19:37:14 813] isr        721  cloud_status_cb, rcs:  2  
[2017/02/09 19:37:14 931] isr        1535 ASR_MSG_AUW,   cloud  
[2017/02/09 19:37:14 933] isr        1546 6400  2  
[2017/02/09 19:37:15 002] isr        721  cloud_status_cb, rcs:  2  
[2017/02/09 19:37:15 132] isr        1535 ASR_MSG_AUW,   cloud  
[2017/02/09 19:37:15 132] isr        1546 6400  2  
[2017/02/09 19:37:15 217] isr        721  cloud_status_cb, rcs:  2  
[2017/02/09 19:37:15 334] isr        1535 ASR_MSG_AUW,   cloud  
[2017/02/09 19:37:15 334] isr        1546 6400  2  
[2017/02/09 19:37:15 440] isr        721  cloud_status_cb, rcs:  2  
[2017/02/09 19:37:15 535] isr        1535 ASR_MSG_AUW,   cloud  
[2017/02/09 19:37:15 535] isr        1546 6400  2  
[2017/02/09 19:37:15 619] isr        721  cloud_status_cb, rcs:  2  
[2017/02/09 19:37:15 736] isr        1535 ASR_MSG_AUW,   cloud  
[2017/02/09 19:37:15 736] isr        1546 6400  2  
[2017/02/09 19:37:15 914] isr        721  cloud_status_cb, rcs:  2  
[2017/02/09 19:37:15 937] isr        1535 ASR_MSG_AUW,   cloud  
[2017/02/09 19:37:15 937] isr        1546 6400  2  
[2017/02/09 19:37:16 026] isr        721  cloud_status_cb, rcs:  2  
[2017/02/09 19:37:16 138] isr        1535 ASR_MSG_AUW,   cloud  
[2017/02/09 19:37:16 138] isr        1546 7430  2  
[2017/02/09 19:37:16 239] isr        721  cloud_status_cb, rcs:  2  
[2017/02/09 19:37:16 250] isr        721  cloud_status_cb, rcs:  2  
[2017/02/09 19:37:16 338] isr        1535 ASR_MSG_AUW,   cloud  
[2017/02/09 19:37:16 338] isr        1546 0  4  
[2017/02/09 19:37:16 339] isr        1579 aud end, USER  
[2017/02/09 19:37:16 339] isr        1618 ASR_MSG_GRSLT,   cloud  
[2017/02/09 19:37:16 339] isr        1325 0  nil  2  
[2017/02/09 19:37:16 341] isr        855  [aud] speech end  
[2017/02/09 19:37:16 463] isr        721  cloud_status_cb, rcs:  2  
[2017/02/09 19:37:16 466] isr        682  cloud_rslt_cb status =   0  
[2017/02/09 19:37:16 466] isr        661  process_result call:  cloud  udata(97612958) 0  nil  
[2017/02/09 19:37:16 476] isr        682  cloud_rslt_cb status =   5  
[2017/02/09 19:37:16 476] isr        661  process_result call:  cloud  udata(976115f8) 5  nil  
[2017/02/09 19:37:16 494] isr        1618 ASR_MSG_GRSLT,   cloud  
[2017/02/09 19:37:16 494] isr        1325 0  udata(97612958) 0  
[2017/02/09 19:37:16 645] isr        1618 ASR_MSG_GRSLT,   cloud  
[2017/02/09 19:37:16 645] isr        1325 0  udata(976115f8) 5  
[2017/02/09 19:37:16 803] isr        1621 ASR_MSG_SSE,   cloud  
[2017/02/09 19:37:16 803] isr        1346 session_end() [in]  
[2017/02/09 19:37:16 803] isr        1409 cloud_session_end() [in]  
[2017/02/09 19:37:16 805] isr        1476 ns_host=  open.xf-yun.com  
[2017/02/09 19:37:16 805] isr        1486 tick()mod=  788046390  
[2017/02/09 19:37:16 806] isr        1487 tick()=  788046390  
[2017/02/09 19:37:16 806] isr        1489 diff=  3547  
[2017/02/09 19:37:16 806] isr        1502 cloud_session_end() [out]  
[2017/02/09 19:37:16 808] isr        1649 isr unload!  
============================================================
Time  2017/02/09 19:37:47 246 
============================================================
[2017/02/09 19:37:47 246] isr        1641 isr loaded!  
[2017/02/09 19:37:47 246] isr        1624 SYS_MSG_REGCB param0 =   msp_status_cb  param1 =   func(80d1f3a0) 
[2017/02/09 19:37:47 246] isr        1525 ASR_MSG_SSB  
[2017/02/09 19:37:47 246] isr        1070 session_begin() [in], params:   sub = iat, domain = iat, language = zh_ch, accent = mandarin, sample_rate = 16000, result_type = plain, result_encoding = gb2312  nil  
[2017/02/09 19:37:47 246] isr        938  vad_set [in]  
[2017/02/09 19:37:47 246] isr        973  vad_enable :  true  
[2017/02/09 19:37:47 246] isr        991  vad_bos :  10000  
[2017/02/09 19:37:47 246] isr        992  vad_eos :  2000  
[2017/02/09 19:37:47 246] isr        897  enable_vad [in]  
[2017/02/09 19:37:47 247] isr        929  vad enabled!  2000  10000  
[2017/02/09 19:37:47 247] isr        932  enable_vad [out]  
[2017/02/09 19:37:47 247] isr        998  vad_set [out] | ret =  0  
[2017/02/09 19:37:47 247] isr        1179 cur_engine_type =   cloud  
[2017/02/09 19:37:47 247] isr        1012 cloud_session_begin  
[2017/02/09 19:37:47 247] isr        1024 standard  
[2017/02/09 19:37:47 250] isr        1535 ASR_MSG_AUW,   cloud  
[2017/02/09 19:37:47 250] isr        1546 6400  1  
[2017/02/09 19:37:47 250] isr        1550 once_bytes:   6400  
[2017/02/09 19:37:47 252] isr        845  [aud] speech start  
[2017/02/09 19:37:47 502] isr        1535 ASR_MSG_AUW,   cloud  
[2017/02/09 19:37:47 502] isr        1546 6400  2  
[2017/02/09 19:37:47 553] isr        721  cloud_status_cb, rcs:  2  
[2017/02/09 19:37:47 555] isr        728  cloud_status_cb, eps:  1  
[2017/02/09 19:37:47 703] isr        1535 ASR_MSG_AUW,   cloud  
[2017/02/09 19:37:47 703] isr        1546 6400  2  
[2017/02/09 19:37:47 792] isr        721  cloud_status_cb, rcs:  2  
[2017/02/09 19:37:47 903] isr        1535 ASR_MSG_AUW,   cloud  
[2017/02/09 19:37:47 903] isr        1546 6400  2  
[2017/02/09 19:37:47 971] isr        721  cloud_status_cb, rcs:  2  
[2017/02/09 19:37:48 104] isr        1535 ASR_MSG_AUW,   cloud  
[2017/02/09 19:37:48 104] isr        1546 6400  2  
[2017/02/09 19:37:48 151] isr        721  cloud_status_cb, rcs:  2  
[2017/02/09 19:37:48 305] isr        1535 ASR_MSG_AUW,   cloud  
[2017/02/09 19:37:48 305] isr        1546 6400  2  
[2017/02/09 19:37:48 352] isr        721  cloud_status_cb, rcs:  2  
[2017/02/09 19:37:48 505] isr        1535 ASR_MSG_AUW,   cloud  
[2017/02/09 19:37:48 506] isr        1546 6400  2  
[2017/02/09 19:37:48 555] isr        721  cloud_status_cb, rcs:  2  
[2017/02/09 19:37:48 706] isr        1535 ASR_MSG_AUW,   cloud  
[2017/02/09 19:37:48 707] isr        1546 6400  2  
[2017/02/09 19:37:48 756] isr        721  cloud_status_cb, rcs:  2  
[2017/02/09 19:37:48 907] isr        1535 ASR_MSG_AUW,   cloud  
[2017/02/09 19:37:48 907] isr        1546 6400  2  
[2017/02/09 19:37:48 956] isr        721  cloud_status_cb, rcs:  2  
[2017/02/09 19:37:49 108] isr        1535 ASR_MSG_AUW,   cloud  
[2017/02/09 19:37:49 108] isr        1546 6400  2  
[2017/02/09 19:37:49 155] isr        721  cloud_status_cb, rcs:  2  
[2017/02/09 19:37:49 309] isr        1535 ASR_MSG_AUW,   cloud  
[2017/02/09 19:37:49 309] isr        1546 6400  2  
[2017/02/09 19:37:49 369] isr        721  cloud_status_cb, rcs:  2  
[2017/02/09 19:37:49 510] isr        1535 ASR_MSG_AUW,   cloud  
[2017/02/09 19:37:49 510] isr        1546 6400  2  
[2017/02/09 19:37:49 565] isr        721  cloud_status_cb, rcs:  2  
[2017/02/09 19:37:49 710] isr        1535 ASR_MSG_AUW,   cloud  
[2017/02/09 19:37:49 710] isr        1546 6400  2  
[2017/02/09 19:37:49 760] isr        721  cloud_status_cb, rcs:  2  
[2017/02/09 19:37:49 911] isr        1535 ASR_MSG_AUW,   cloud  
[2017/02/09 19:37:49 911] isr        1546 6400  2  
[2017/02/09 19:37:49 973] isr        721  cloud_status_cb, rcs:  2  
[2017/02/09 19:37:50 112] isr        1535 ASR_MSG_AUW,   cloud  
[2017/02/09 19:37:50 112] isr        1546 6400  2  
[2017/02/09 19:37:50 161] isr        721  cloud_status_cb, rcs:  2  
[2017/02/09 19:37:50 313] isr        1535 ASR_MSG_AUW,   cloud  
[2017/02/09 19:37:50 313] isr        1546 6400  2  
[2017/02/09 19:37:50 375] isr        721  cloud_status_cb, rcs:  2  
[2017/02/09 19:37:50 515] isr        1535 ASR_MSG_AUW,   cloud  
[2017/02/09 19:37:50 515] isr        1546 6400  2  
[2017/02/09 19:37:50 569] isr        721  cloud_status_cb, rcs:  2  
[2017/02/09 19:37:50 717] isr        1535 ASR_MSG_AUW,   cloud  
[2017/02/09 19:37:50 717] isr        1546 6400  2  
[2017/02/09 19:37:50 763] isr        721  cloud_status_cb, rcs:  2  
[2017/02/09 19:37:50 918] isr        1535 ASR_MSG_AUW,   cloud  
[2017/02/09 19:37:50 918] isr        1546 6400  2  
[2017/02/09 19:37:50 964] isr        721  cloud_status_cb, rcs:  2  
[2017/02/09 19:37:51 118] isr        1535 ASR_MSG_AUW,   cloud  
[2017/02/09 19:37:51 118] isr        1546 6400  2  
[2017/02/09 19:37:51 178] isr        721  cloud_status_cb, rcs:  2  
[2017/02/09 19:37:51 319] isr        1535 ASR_MSG_AUW,   cloud  
[2017/02/09 19:37:51 319] isr        1546 6400  2  
[2017/02/09 19:37:51 368] isr        721  cloud_status_cb, rcs:  2  
[2017/02/09 19:37:51 520] isr        1535 ASR_MSG_AUW,   cloud  
[2017/02/09 19:37:51 520] isr        1546 6400  2  
[2017/02/09 19:37:51 584] isr        721  cloud_status_cb, rcs:  2  
[2017/02/09 19:37:51 721] isr        1535 ASR_MSG_AUW,   cloud  
[2017/02/09 19:37:51 723] isr        1546 6400  2  
[2017/02/09 19:37:51 775] isr        721  cloud_status_cb, rcs:  2  
[2017/02/09 19:37:51 923] isr        1535 ASR_MSG_AUW,   cloud  
[2017/02/09 19:37:51 923] isr        1546 6400  2  
[2017/02/09 19:37:51 963] isr        721  cloud_status_cb, rcs:  2  
[2017/02/09 19:37:52 124] isr        1535 ASR_MSG_AUW,   cloud  
[2017/02/09 19:37:52 124] isr        1546 6400  2  
[2017/02/09 19:37:52 164] isr        721  cloud_status_cb, rcs:  2  
[2017/02/09 19:37:52 323] isr        1535 ASR_MSG_AUW,   cloud  
[2017/02/09 19:37:52 325] isr        1546 6400  2  
[2017/02/09 19:37:52 377] isr        721  cloud_status_cb, rcs:  2  
[2017/02/09 19:37:52 525] isr        1535 ASR_MSG_AUW,   cloud  
[2017/02/09 19:37:52 525] isr        1546 6400  2  
[2017/02/09 19:37:52 566] isr        721  cloud_status_cb, rcs:  2  
[2017/02/09 19:37:52 726] isr        1535 ASR_MSG_AUW,   cloud  
[2017/02/09 19:37:52 726] isr        1546 6400  2  
[2017/02/09 19:37:52 769] isr        721  cloud_status_cb, rcs:  2  
[2017/02/09 19:37:52 926] isr        1535 ASR_MSG_AUW,   cloud  
[2017/02/09 19:37:52 926] isr        1546 6400  2  
[2017/02/09 19:37:52 967] isr        721  cloud_status_cb, rcs:  2  
[2017/02/09 19:37:53 125] isr        1535 ASR_MSG_AUW,   cloud  
[2017/02/09 19:37:53 125] isr        1546 6400  2  
[2017/02/09 19:37:53 167] isr        721  cloud_status_cb, rcs:  2  
[2017/02/09 19:37:53 328] isr        1535 ASR_MSG_AUW,   cloud  
[2017/02/09 19:37:53 328] isr        1546 6400  2  
[2017/02/09 19:37:53 368] isr        721  cloud_status_cb, rcs:  0  
[2017/02/09 19:37:53 368] isr        682  cloud_rslt_cb status =   0  
[2017/02/09 19:37:53 368] isr        661  process_result call:  cloud  udata(82b60168) 0  nil  
[2017/02/09 19:37:53 528] isr        1535 ASR_MSG_AUW,   cloud  
[2017/02/09 19:37:53 528] isr        1546 6400  2  
[2017/02/09 19:37:53 528] isr        1618 ASR_MSG_GRSLT,   cloud  
[2017/02/09 19:37:53 528] isr        1325 0  udata(82b60168) 0  
[2017/02/09 19:37:53 569] isr        721  cloud_status_cb, rcs:  2  
[2017/02/09 19:37:53 730] isr        1535 ASR_MSG_AUW,   cloud  
[2017/02/09 19:37:53 730] isr        1546 6400  2  
[2017/02/09 19:37:53 782] isr        721  cloud_status_cb, rcs:  2  
[2017/02/09 19:37:53 930] isr        1535 ASR_MSG_AUW,   cloud  
[2017/02/09 19:37:53 930] isr        1546 6400  2  
[2017/02/09 19:37:53 973] isr        721  cloud_status_cb, rcs:  2  
[2017/02/09 19:37:54 130] isr        1535 ASR_MSG_AUW,   cloud  
[2017/02/09 19:37:54 131] isr        1546 9038  2  
[2017/02/09 19:37:54 171] isr        721  cloud_status_cb, rcs:  2  
[2017/02/09 19:37:54 180] isr        721  cloud_status_cb, rcs:  2  
[2017/02/09 19:37:54 332] isr        1535 ASR_MSG_AUW,   cloud  
[2017/02/09 19:37:54 332] isr        1546 0  4  
[2017/02/09 19:37:54 332] isr        1579 aud end, USER  
[2017/02/09 19:37:54 332] isr        1618 ASR_MSG_GRSLT,   cloud  
[2017/02/09 19:37:54 332] isr        1325 0  nil  2  
[2017/02/09 19:37:54 334] isr        855  [aud] speech end  
[2017/02/09 19:37:54 380] isr        721  cloud_status_cb, rcs:  2  
[2017/02/09 19:37:54 382] isr        682  cloud_rslt_cb status =   5  
[2017/02/09 19:37:54 382] isr        661  process_result call:  cloud  udata(82b64c18) 5  nil  
[2017/02/09 19:37:54 484] isr        1618 ASR_MSG_GRSLT,   cloud  
[2017/02/09 19:37:54 484] isr        1325 0  udata(82b64c18) 5  
[2017/02/09 19:37:54 637] isr        1621 ASR_MSG_SSE,   cloud  
[2017/02/09 19:37:54 637] isr        1346 session_end() [in]  
[2017/02/09 19:37:54 637] isr        1409 cloud_session_end() [in]  
[2017/02/09 19:37:54 640] isr        1476 ns_host=  open.xf-yun.com  
[2017/02/09 19:37:54 640] isr        1486 tick()mod=  788084234  
[2017/02/09 19:37:54 640] isr        1487 tick()=  788084234  
[2017/02/09 19:37:54 640] isr        1489 diff=  7219  
[2017/02/09 19:37:54 640] isr        1502 cloud_session_end() [out]  
[2017/02/09 19:37:54 641] isr        1649 isr unload!  
============================================================
Time  2017/02/09 19:38:00 855 
============================================================
[2017/02/09 19:38:00 855] isr        1641 isr loaded!  
[2017/02/09 19:38:00 855] isr        1624 SYS_MSG_REGCB param0 =   msp_status_cb  param1 =   func(45022710) 
[2017/02/09 19:38:00 855] isr        1525 ASR_MSG_SSB  
[2017/02/09 19:38:00 855] isr        1070 session_begin() [in], params:   sub = iat, domain = iat, language = zh_ch, accent = mandarin, sample_rate = 16000, result_type = plain, result_encoding = gb2312  nil  
[2017/02/09 19:38:00 855] isr        938  vad_set [in]  
[2017/02/09 19:38:00 855] isr        973  vad_enable :  true  
[2017/02/09 19:38:00 855] isr        991  vad_bos :  10000  
[2017/02/09 19:38:00 855] isr        992  vad_eos :  2000  
[2017/02/09 19:38:00 855] isr        897  enable_vad [in]  
[2017/02/09 19:38:00 857] isr        929  vad enabled!  2000  10000  
[2017/02/09 19:38:00 857] isr        932  enable_vad [out]  
[2017/02/09 19:38:00 857] isr        998  vad_set [out] | ret =  0  
[2017/02/09 19:38:00 857] isr        1179 cur_engine_type =   cloud  
[2017/02/09 19:38:00 857] isr        1012 cloud_session_begin  
[2017/02/09 19:38:00 857] isr        1024 standard  
[2017/02/09 19:38:00 858] isr        1535 ASR_MSG_AUW,   cloud  
[2017/02/09 19:38:00 858] isr        1546 6400  1  
[2017/02/09 19:38:00 858] isr        1550 once_bytes:   6400  
[2017/02/09 19:38:00 861] isr        845  [aud] speech start  
[2017/02/09 19:38:01 059] isr        1535 ASR_MSG_AUW,   cloud  
[2017/02/09 19:38:01 059] isr        1546 6400  2  
[2017/02/09 19:38:01 114] isr        721  cloud_status_cb, rcs:  2  
[2017/02/09 19:38:01 114] isr        728  cloud_status_cb, eps:  1  
[2017/02/09 19:38:01 262] isr        1535 ASR_MSG_AUW,   cloud  
[2017/02/09 19:38:01 262] isr        1546 6400  2  
[2017/02/09 19:38:01 308] isr        721  cloud_status_cb, rcs:  2  
[2017/02/09 19:38:01 463] isr        1535 ASR_MSG_AUW,   cloud  
[2017/02/09 19:38:01 463] isr        1546 6400  2  
[2017/02/09 19:38:01 520] isr        721  cloud_status_cb, rcs:  2  
[2017/02/09 19:38:01 663] isr        1535 ASR_MSG_AUW,   cloud  
[2017/02/09 19:38:01 663] isr        1546 6400  2  
[2017/02/09 19:38:01 709] isr        721  cloud_status_cb, rcs:  2  
[2017/02/09 19:38:01 864] isr        1535 ASR_MSG_AUW,   cloud  
[2017/02/09 19:38:01 864] isr        1546 6400  2  
[2017/02/09 19:38:01 910] isr        721  cloud_status_cb, rcs:  2  
[2017/02/09 19:38:02 065] isr        1535 ASR_MSG_AUW,   cloud  
[2017/02/09 19:38:02 065] isr        1546 6400  2  
[2017/02/09 19:38:02 124] isr        721  cloud_status_cb, rcs:  2  
[2017/02/09 19:38:02 266] isr        1535 ASR_MSG_AUW,   cloud  
[2017/02/09 19:38:02 266] isr        1546 6400  2  
[2017/02/09 19:38:02 316] isr        721  cloud_status_cb, rcs:  2  
[2017/02/09 19:38:02 467] isr        1535 ASR_MSG_AUW,   cloud  
[2017/02/09 19:38:02 467] isr        1546 6400  2  
[2017/02/09 19:38:02 513] isr        721  cloud_status_cb, rcs:  2  
[2017/02/09 19:38:02 668] isr        1535 ASR_MSG_AUW,   cloud  
[2017/02/09 19:38:02 668] isr        1546 6400  2  
[2017/02/09 19:38:02 727] isr        721  cloud_status_cb, rcs:  2  
[2017/02/09 19:38:02 868] isr        1535 ASR_MSG_AUW,   cloud  
[2017/02/09 19:38:02 868] isr        1546 6400  2  
[2017/02/09 19:38:02 930] isr        721  cloud_status_cb, rcs:  2  
[2017/02/09 19:38:03 069] isr        1535 ASR_MSG_AUW,   cloud  
[2017/02/09 19:38:03 069] isr        1546 6400  2  
[2017/02/09 19:38:03 125] isr        721  cloud_status_cb, rcs:  2  
[2017/02/09 19:38:03 272] isr        1535 ASR_MSG_AUW,   cloud  
[2017/02/09 19:38:03 272] isr        1546 6400  2  
[2017/02/09 19:38:03 473] isr        1535 ASR_MSG_AUW,   cloud  
[2017/02/09 19:38:03 473] isr        1546 6400  2  
[2017/02/09 19:38:03 503] isr        721  cloud_status_cb, rcs:  2  
[2017/02/09 19:38:03 674] isr        1535 ASR_MSG_AUW,   cloud  
[2017/02/09 19:38:03 674] isr        1546 6400  2  
[2017/02/09 19:38:03 680] isr        721  cloud_status_cb, rcs:  2  
[2017/02/09 19:38:03 733] isr        721  cloud_status_cb, rcs:  2  
[2017/02/09 19:38:03 875] isr        1535 ASR_MSG_AUW,   cloud  
[2017/02/09 19:38:03 875] isr        1546 6400  2  
[2017/02/09 19:38:03 959] isr        721  cloud_status_cb, rcs:  2  
[2017/02/09 19:38:04 075] isr        1535 ASR_MSG_AUW,   cloud  
[2017/02/09 19:38:04 075] isr        1546 6400  2  
[2017/02/09 19:38:04 153] isr        721  cloud_status_cb, rcs:  2  
[2017/02/09 19:38:04 276] isr        1535 ASR_MSG_AUW,   cloud  
[2017/02/09 19:38:04 276] isr        1546 6400  2  
[2017/02/09 19:38:04 335] isr        721  cloud_status_cb, rcs:  2  
[2017/02/09 19:38:04 477] isr        1535 ASR_MSG_AUW,   cloud  
[2017/02/09 19:38:04 477] isr        1546 6400  2  
[2017/02/09 19:38:04 668] isr        721  cloud_status_cb, rcs:  2  
[2017/02/09 19:38:04 678] isr        1535 ASR_MSG_AUW,   cloud  
[2017/02/09 19:38:04 678] isr        1546 6400  2  
[2017/02/09 19:38:04 762] isr        721  cloud_status_cb, rcs:  2  
[2017/02/09 19:38:04 880] isr        1535 ASR_MSG_AUW,   cloud  
[2017/02/09 19:38:04 880] isr        1546 6400  2  
[2017/02/09 19:38:04 936] isr        721  cloud_status_cb, rcs:  2  
[2017/02/09 19:38:05 079] isr        1535 ASR_MSG_AUW,   cloud  
[2017/02/09 19:38:05 081] isr        1546 6400  2  
[2017/02/09 19:38:05 150] isr        721  cloud_status_cb, rcs:  2  
[2017/02/09 19:38:05 280] isr        1535 ASR_MSG_AUW,   cloud  
[2017/02/09 19:38:05 282] isr        1546 6400  2  
[2017/02/09 19:38:05 364] isr        721  cloud_status_cb, rcs:  2  
[2017/02/09 19:38:05 482] isr        1535 ASR_MSG_AUW,   cloud  
[2017/02/09 19:38:05 482] isr        1546 6400  2  
[2017/02/09 19:38:05 553] isr        721  cloud_status_cb, rcs:  2  
[2017/02/09 19:38:05 683] isr        1535 ASR_MSG_AUW,   cloud  
[2017/02/09 19:38:05 683] isr        1546 6400  2  
[2017/02/09 19:38:05 809] isr        721  cloud_status_cb, rcs:  2  
[2017/02/09 19:38:05 884] isr        1535 ASR_MSG_AUW,   cloud  
[2017/02/09 19:38:05 884] isr        1546 6400  2  
[2017/02/09 19:38:05 944] isr        721  cloud_status_cb, rcs:  2  
[2017/02/09 19:38:06 085] isr        1535 ASR_MSG_AUW,   cloud  
[2017/02/09 19:38:06 085] isr        1546 6400  2  
[2017/02/09 19:38:06 207] isr        721  cloud_status_cb, rcs:  2  
[2017/02/09 19:38:06 285] isr        1535 ASR_MSG_AUW,   cloud  
[2017/02/09 19:38:06 286] isr        1546 6400  2  
[2017/02/09 19:38:06 341] isr        721  cloud_status_cb, rcs:  2  
[2017/02/09 19:38:06 486] isr        1535 ASR_MSG_AUW,   cloud  
[2017/02/09 19:38:06 486] isr        1546 6400  2  
[2017/02/09 19:38:06 569] isr        721  cloud_status_cb, rcs:  2  
[2017/02/09 19:38:06 687] isr        1535 ASR_MSG_AUW,   cloud  
[2017/02/09 19:38:06 687] isr        1546 6400  2  
[2017/02/09 19:38:06 750] isr        721  cloud_status_cb, rcs:  2  
[2017/02/09 19:38:06 888] isr        1535 ASR_MSG_AUW,   cloud  
[2017/02/09 19:38:06 888] isr        1546 6400  2  
[2017/02/09 19:38:06 944] isr        721  cloud_status_cb, rcs:  2  
[2017/02/09 19:38:07 088] isr        1535 ASR_MSG_AUW,   cloud  
[2017/02/09 19:38:07 088] isr        1546 6400  2  
[2017/02/09 19:38:07 160] isr        721  cloud_status_cb, rcs:  0  
[2017/02/09 19:38:07 161] isr        682  cloud_rslt_cb status =   0  
[2017/02/09 19:38:07 161] isr        661  process_result call:  cloud  udata(4519fbc8) 0  nil  
[2017/02/09 19:38:07 289] isr        1535 ASR_MSG_AUW,   cloud  
[2017/02/09 19:38:07 289] isr        1546 6400  2  
[2017/02/09 19:38:07 290] isr        1618 ASR_MSG_GRSLT,   cloud  
[2017/02/09 19:38:07 290] isr        1325 0  udata(4519fbc8) 0  
[2017/02/09 19:38:07 345] isr        721  cloud_status_cb, rcs:  2  
[2017/02/09 19:38:07 493] isr        1535 ASR_MSG_AUW,   cloud  
[2017/02/09 19:38:07 493] isr        1546 6400  2  
[2017/02/09 19:38:07 545] isr        721  cloud_status_cb, rcs:  2  
[2017/02/09 19:38:07 693] isr        1535 ASR_MSG_AUW,   cloud  
[2017/02/09 19:38:07 693] isr        1546 9038  2  
[2017/02/09 19:38:07 760] isr        721  cloud_status_cb, rcs:  2  
[2017/02/09 19:38:07 825] isr        721  cloud_status_cb, rcs:  2  
[2017/02/09 19:38:07 894] isr        1535 ASR_MSG_AUW,   cloud  
[2017/02/09 19:38:07 894] isr        1546 0  4  
[2017/02/09 19:38:07 894] isr        1579 aud end, USER  
[2017/02/09 19:38:07 894] isr        1618 ASR_MSG_GRSLT,   cloud  
[2017/02/09 19:38:07 894] isr        1325 0  nil  2  
[2017/02/09 19:38:07 895] isr        855  [aud] speech end  
[2017/02/09 19:38:07 946] isr        721  cloud_status_cb, rcs:  2  
[2017/02/09 19:38:07 947] isr        682  cloud_rslt_cb status =   5  
[2017/02/09 19:38:07 947] isr        661  process_result call:  cloud  udata(454f7488) 5  nil  
[2017/02/09 19:38:08 046] isr        1618 ASR_MSG_GRSLT,   cloud  
[2017/02/09 19:38:08 046] isr        1325 0  udata(454f7488) 5  
[2017/02/09 19:38:08 198] isr        1621 ASR_MSG_SSE,   cloud  
[2017/02/09 19:38:08 198] isr        1346 session_end() [in]  
[2017/02/09 19:38:08 198] isr        1409 cloud_session_end() [in]  
[2017/02/09 19:38:08 201] isr        1476 ns_host=  open.xf-yun.com  
[2017/02/09 19:38:08 201] isr        1486 tick()mod=  788097796  
[2017/02/09 19:38:08 201] isr        1487 tick()=  788097796  
[2017/02/09 19:38:08 201] isr        1489 diff=  7218  
[2017/02/09 19:38:08 201] isr        1502 cloud_session_end() [out]  
[2017/02/09 19:38:08 203] isr        1649 isr unload!  
